<?xml version="1.0" encoding="UTF-8"?>
<!-- Generated by org.testng.reporters.JUnitReportReporter -->
<testsuite hostname="DESKTOP-PSRE6VL" failures="0" tests="9" name="qualitest.AppTest" time="32.668" errors="0" timestamp="2021-10-20T13:20:48 IST" skipped="0">
  <testcase classname="qualitest.AppTest" name="searchKudos" time="5.480"/>
  <system-out/>
  <testcase classname="qualitest.AppTest" name="sendKudos" time="7.495"/>
  <system-out/>
  <testcase classname="qualitest.AppTest" name="login3" time="7.389"/>
  <system-out/>
  <testcase classname="qualitest.AppTest" name="verifyTitle" time="0.788"/>
  <system-out/>
  <testcase classname="qualitest.AppTest" name="seeKudosFromMe" time="2.321"/>
  <system-out/>
  <testcase classname="qualitest.AppTest" name="login2" time="0.750"/>
  <system-out/>
  <testcase classname="qualitest.AppTest" name="homePageColors" time="2.084"/>
  <system-out/>
  <testcase classname="qualitest.AppTest" name="seeKudosToMe" time="2.124"/>
  <system-out/>
  <testcase classname="qualitest.AppTest" name="login1" time="4.237"/>
  <system-out/>
</testsuite> <!-- qualitest.AppTest -->
