<?xml version="1.0" encoding="UTF-8"?>
<!-- Generated by org.testng.reporters.JUnitReportReporter -->
<testsuite hostname="DESKTOP-PSRE6VL" failures="0" tests="9" name="qualitest.AppTest" time="43.059" errors="0" timestamp="2021-10-20T19:27:54 IST" skipped="0">
  <testcase classname="qualitest.AppTest" name="searchKudos" time="4.422"/>
  <system-out/>
  <testcase classname="qualitest.AppTest" name="login3" time="13.686"/>
  <system-out/>
  <testcase classname="qualitest.AppTest" name="login2" time="2.992"/>
  <system-out/>
  <testcase classname="qualitest.AppTest" name="seeKudosFromMe" time="2.351"/>
  <system-out/>
  <testcase classname="qualitest.AppTest" name="homePageColors" time="2.274"/>
  <system-out/>
  <testcase classname="qualitest.AppTest" name="seeKudosToMe" time="2.118"/>
  <system-out/>
  <testcase classname="qualitest.AppTest" name="sendKudos" time="9.794"/>
  <system-out/>
  <testcase classname="qualitest.AppTest" name="login1" time="4.400"/>
  <system-out/>
  <testcase classname="qualitest.AppTest" name="verifyTitle" time="1.022"/>
  <system-out/>
</testsuite> <!-- qualitest.AppTest -->
