<?xml version="1.0" encoding="UTF-8"?>
<!-- Generated by org.testng.reporters.JUnitReportReporter -->
<testsuite hostname="DESKTOP-PSRE6VL" failures="0" tests="9" name="qualitest.AppTest" time="40.836" errors="0" timestamp="2021-10-20T21:34:12 IST" skipped="0">
  <testcase classname="qualitest.AppTest" name="seeKudosFromMe" time="2.267"/>
  <system-out/>
  <testcase classname="qualitest.AppTest" name="homePageColors" time="2.606"/>
  <system-out/>
  <testcase classname="qualitest.AppTest" name="sendKudos" time="9.834"/>
  <system-out/>
  <testcase classname="qualitest.AppTest" name="searchKudos" time="6.471"/>
  <system-out/>
  <testcase classname="qualitest.AppTest" name="login2" time="1.541"/>
  <system-out/>
  <testcase classname="qualitest.AppTest" name="seeKudosToMe" time="2.132"/>
  <system-out/>
  <testcase classname="qualitest.AppTest" name="login1" time="4.733"/>
  <system-out/>
  <testcase classname="qualitest.AppTest" name="login3" time="10.086"/>
  <system-out/>
  <testcase classname="qualitest.AppTest" name="verifyTitle" time="1.166"/>
  <system-out/>
</testsuite> <!-- qualitest.AppTest -->
