<?xml version="1.0" encoding="UTF-8"?>
<!-- Generated by org.testng.reporters.JUnitReportReporter -->
<testsuite hostname="DESKTOP-PSRE6VL" failures="0" tests="9" name="qualitest.AppTest" time="36.693" errors="0" timestamp="2021-10-18T15:56:12 IST" skipped="0">
  <testcase classname="qualitest.AppTest" name="seeKudosToMe" time="2.111"/>
  <system-out/>
  <testcase classname="qualitest.AppTest" name="sendKudos" time="0.005"/>
  <system-out/>
  <testcase classname="qualitest.AppTest" name="login1" time="5.578"/>
  <system-out/>
  <testcase classname="qualitest.AppTest" name="verifyTitle" time="0.762"/>
  <system-out/>
  <testcase classname="qualitest.AppTest" name="homePageColors" time="3.209"/>
  <system-out/>
  <testcase classname="qualitest.AppTest" name="seeKudosFromMe" time="2.247"/>
  <system-out/>
  <testcase classname="qualitest.AppTest" name="login2" time="2.440"/>
  <system-out/>
  <testcase classname="qualitest.AppTest" name="searchKudos" time="5.443"/>
  <system-out/>
  <testcase classname="qualitest.AppTest" name="login3" time="14.898"/>
  <system-out/>
</testsuite> <!-- qualitest.AppTest -->
