<?xml version="1.0" encoding="UTF-8"?>
<!-- Generated by org.testng.reporters.JUnitReportReporter -->
<testsuite hostname="DESKTOP-PSRE6VL" failures="0" tests="9" name="qualitest.AppTest" time="39.144" errors="0" timestamp="2021-10-22T11:30:53 IST" skipped="0">
  <testcase classname="qualitest.AppTest" name="login3" time="9.133"/>
  <system-out/>
  <testcase classname="qualitest.AppTest" name="login1" time="4.509"/>
  <system-out/>
  <testcase classname="qualitest.AppTest" name="searchKudos" time="6.716"/>
  <system-out/>
  <testcase classname="qualitest.AppTest" name="seeKudosToMe" time="2.102"/>
  <system-out/>
  <testcase classname="qualitest.AppTest" name="login2" time="0.936"/>
  <system-out/>
  <testcase classname="qualitest.AppTest" name="verifyTitle" time="0.791"/>
  <system-out/>
  <testcase classname="qualitest.AppTest" name="seeKudosFromMe" time="2.887"/>
  <system-out/>
  <testcase classname="qualitest.AppTest" name="homePageColors" time="2.391"/>
  <system-out/>
  <testcase classname="qualitest.AppTest" name="sendKudos" time="9.679"/>
  <system-out/>
</testsuite> <!-- qualitest.AppTest -->
