<?xml version="1.0" encoding="UTF-8"?>
<!-- Generated by org.testng.reporters.JUnitReportReporter -->
<testsuite hostname="DESKTOP-PSRE6VL" failures="0" tests="9" name="qualitest.AppTest" time="34.298" errors="0" timestamp="2021-10-20T15:31:05 IST" skipped="0">
  <testcase classname="qualitest.AppTest" name="homePageColors" time="1.993"/>
  <system-out/>
  <testcase classname="qualitest.AppTest" name="login3" time="6.721"/>
  <system-out/>
  <testcase classname="qualitest.AppTest" name="seeKudosFromMe" time="2.317"/>
  <system-out/>
  <testcase classname="qualitest.AppTest" name="login1" time="4.025"/>
  <system-out/>
  <testcase classname="qualitest.AppTest" name="seeKudosToMe" time="2.120"/>
  <system-out/>
  <testcase classname="qualitest.AppTest" name="verifyTitle" time="0.888"/>
  <system-out/>
  <testcase classname="qualitest.AppTest" name="searchKudos" time="5.502"/>
  <system-out/>
  <testcase classname="qualitest.AppTest" name="sendKudos" time="9.757"/>
  <system-out/>
  <testcase classname="qualitest.AppTest" name="login2" time="0.975"/>
  <system-out/>
</testsuite> <!-- qualitest.AppTest -->
